Terminals unused in grammar

   IN
   LIKE
   REGEXP
   BETWEEN
   '|'
   '&'
   '^'
   UPPER
   LOWER
   WORD
   NEWLINE
   HLH
   ADD
   ALL
   ALTER
   ANALYZE
   AND
   ANY
   AS
   ASC
   AUTO_INCREMENT
   BEFORE
   BIGINT
   BIT
   BLOB
   BOTH
   BY
   CALL
   CASCADE
   CASE
   CHANGE
   CHECK
   COLUMN
   COMMENT
   CONDITION
   CONSTRAINT
   CONTINUE
   CONVERT
   CROSS
   CURRENT_DATE
   CURRENT_TIME
   CURRENT_TIMESTAMP
   CURRENT_USER
   CURSOR
   DATABASE
   DATABASES
   DATE
   DATETIME
   DAY_HOUR
   DAY_MICROSECOND
   DAY_MINUTE
   DAY_SECOND
   DECIMAL
   DECLARE
   DEFAULT
   DELAYED
   DESC
   DESCRIBE
   DETERMINISTIC
   DISTINCT
   DISTINCTROW
   DIV
   DUAL
   EACH
   ELSE
   ELSEIF
   ENCLOSED
   ENUM
   ESCAPED
   EXIT
   EXPLAIN
   FETCH
   FOR
   FORCE
   FOREIGN
   FULLTEXT
   GRANT
   GROUP
   HAVING
   HIGH_PRIORITY
   HOUR_MICROSECOND
   HOUR_MINUTE
   HOUR_SECOND
   IF
   IGNORE
   INFILE
   INNER
   INOUT
   INSENSITIVE
   INTERVAL
   ITERATE
   JOIN
   KEYS
   KILL
   LEADING
   LEAVE
   LEFT
   LIMIT
   LINES
   LOAD
   LOCALTIME
   LOCALTIMESTAMP
   LOCK
   LONG
   LONGBLOB
   LONGTEXT
   LOOP
   LOW_PRIORITY
   MATCH
   MEDIUMBLOB
   MEDIUMINT
   MEDIUMTEXT
   MINUTE_MICROSECOND
   MINUTE_SECOND
   MODIFIES
   NATURAL
   NO_WRITE_TO_BINLOG
   NUMBER
   ONDUPLICATE
   OPTIMIZE
   OPTION
   OPTIONALLY
   ORDER
   OUT
   OUTER
   OUTFILE
   PRECISION
   PROCEDURE
   PURGE
   QUICK
   READ
   READS
   REAL
   REFERENCES
   RELEASE
   RENAME
   REPEAT
   REPLACE
   REQUIRE
   RESTRICT
   RETURN
   REVOKE
   RIGHT
   ROLLUP
   SCHEMA
   SCHEMAS
   SECOND_MICROSECOND
   SENSITIVE
   SEPARATOR
   SHOW
   SMALLINT
   SOME
   SONAME
   SPATIAL
   SPECIFIC
   SQL
   SQLEXCEPTION
   SQLSTATE
   SQLWARNING
   SQL_BIG_RESULT
   SQL_CALC_FOUND_ROWS
   SQL_SMALL_RESULT
   SSL
   STARTING
   STRAIGHT_JOIN
   TEMPORARY
   TERMINATED
   THEN
   TINYINT
   TINYTEXT
   TO
   TRAILING
   TRIGGER
   UNDO
   UNION
   UNLOCK
   UPDATE
   USAGE
   USE
   UTC_DATE
   UTC_TIME
   UTC_TIMESTAMP
   VARBINARY
   VARYING
   WHEN
   WHILE
   WITH
   WRITE
   FSUBSTRING
   FTRIM
   FDATE_ADD
   FDATE_SUB
   FCOUNT


State 197 conflicts: 1 shift/reduce


Grammar

    0 $accept: stmt_list "end of file"

    1 stmt_list: stmt ';'
    2          | stmt_list stmt ';'

    3 stmt: select_stmt
    4     | QUIT
    5     | show TABLE
    6     | desc TABLE NAME

    7 select_stmt: SELECT select_expr_list FROM table_references opt_where

    8 opt_where: %empty
    9          | WHERE expr

   10 column_list: NAME
   11            | column_list ',' NAME

   12 select_expr_list: select_expr
   13                 | select_expr_list ',' select_expr
   14                 | '*'

   15 select_expr: expr

   16 table_references: table_reference
   17                 | table_references ',' table_reference

   18 table_reference: table_factor

   19 table_factor: NAME

   20 stmt: delete_stmt

   21 delete_stmt: DELETE delete_opts FROM NAME opt_where

   22 delete_opts: %empty

   23 delete_stmt: DELETE delete_opts delete_list FROM table_references opt_where

   24 delete_list: NAME opt_dot_star
   25            | delete_list ',' NAME opt_dot_star

   26 opt_dot_star: %empty
   27             | '.' '*'

   28 delete_stmt: DELETE delete_opts FROM delete_list USING table_references opt_where

   29 stmt: insert_stmt

   30 insert_stmt: INSERT insert_opts opt_into NAME opt_col_names VALUES insert_vals_list

   31 insert_opts: %empty

   32 opt_into: INTO
   33         | %empty

   34 opt_col_names: %empty
   35              | '(' column_list ')'

   36 insert_vals_list: '(' insert_vals ')'
   37                 | insert_vals_list ',' '(' insert_vals ')'

   38 insert_vals: INTNUM
   39            | APPROXNUM
   40            | STRING
   41            | insert_vals ',' insert_vals

   42 stmt: create_index_stmt

   43 create_index_stmt: CREATE KEY NAME ON NAME '(' NAME ')'

   44 stmt: drop_index_stmt

   45 drop_index_stmt: DROP KEY NAME

   46 stmt: drop_table_stmt

   47 drop_table_stmt: DROP TABLE NAME

   48 stmt: create_table_stmt

   49 create_table_stmt: CREATE TABLE NAME '(' create_col_list ')'

   50 create_col_list: create_definition
   51                | create_col_list ',' create_definition

   52 $@1: %empty

   53 create_definition: $@1 NAME data_type column_atts
   54                  | PRIMARY KEY '(' NAME ')'
   55                  | KEY '(' column_list ')'
   56                  | INDEX '(' NAME ')'

   57 column_atts: %empty
   58            | column_atts NOT NULLX
   59            | column_atts NULLX
   60            | column_atts UNIQUE
   61            | column_atts PRIMARY KEY

   62 opt_length: %empty
   63           | '(' INTNUM ')'
   64           | '(' INTNUM ',' INTNUM ')'

   65 opt_binary: %empty
   66           | BINARY

   67 opt_uz: %empty
   68       | opt_uz UNSIGNED

   69 opt_csc: %empty
   70        | opt_csc CHAR SET STRING
   71        | opt_csc COLLATE STRING

   72 data_type: INT opt_length opt_uz
   73          | INTEGER opt_length opt_uz
   74          | DOUBLE opt_length opt_uz
   75          | FLOAT opt_length opt_uz
   76          | CHAR opt_length opt_csc
   77          | VARCHAR '(' INTNUM ')' opt_csc
   78          | TEXT opt_binary opt_csc

   79 expr: NAME
   80     | STRING
   81     | INTNUM
   82     | APPROXNUM
   83     | BOOL
   84     | expr '+' expr
   85     | expr '-' expr
   86     | expr '*' expr
   87     | expr '/' expr
   88     | expr '%' expr
   89     | expr MOD expr
   90     | '-' expr
   91     | expr ANDOP expr
   92     | expr OR expr
   93     | expr XOR expr
   94     | expr COMPARISON expr
   95     | expr COMPARISON '(' select_stmt ')'
   96     | NOT expr
   97     | '!' expr
   98     | USERVAR ASSIGN expr
   99     | expr IS NULLX
  100     | expr IS NOT NULLX
  101     | expr IS BOOL
  102     | expr IS NOT BOOL


Terminals, with rules where they appear

"end of file" (0) 0
'!' (33) 97
'%' (37) 88
'&' (38)
'(' (40) 35 36 37 43 49 54 55 56 63 64 77 95
')' (41) 35 36 37 43 49 54 55 56 63 64 77 95
'*' (42) 14 27 86
'+' (43) 84
',' (44) 11 13 17 25 37 41 51 64
'-' (45) 85 90
'.' (46) 27
'/' (47) 87
';' (59) 1 2
'^' (94)
'|' (124)
error (256)
ASSIGN (258) 98
OR (259) 92
XOR (260) 93
ANDOP (261) 91
IN (262)
IS (263) 99 100 101 102
LIKE (264)
REGEXP (265)
NOT (266) 58 96 100 102
BETWEEN (267)
COMPARISON (268) 94 95
MOD (269) 89
UMINUS (270)
UPPER (271)
LOWER (272)
WORD (273)
NEWLINE (274)
HLH (275)
NAME (276) 6 10 11 19 21 24 25 30 43 45 47 49 53 54 56 79
STRING (277) 40 70 71 80
INTNUM (278) 38 63 64 77 81
BOOL (279) 83 101 102
APPROXNUM (280) 39 82
USERVAR (281) 98
ADD (282)
ALL (283)
ALTER (284)
ANALYZE (285)
AND (286)
ANY (287)
AS (288)
ASC (289)
AUTO_INCREMENT (290)
BEFORE (291)
BIGINT (292)
BINARY (293) 66
BIT (294)
BLOB (295)
BOTH (296)
BY (297)
CALL (298)
CASCADE (299)
CASE (300)
CHANGE (301)
CHAR (302) 70 76
CHECK (303)
COLLATE (304) 71
COLUMN (305)
COMMENT (306)
CONDITION (307)
CONSTRAINT (308)
CONTINUE (309)
CONVERT (310)
CREATE (311) 43 49
CROSS (312)
CURRENT_DATE (313)
CURRENT_TIME (314)
CURRENT_TIMESTAMP (315)
CURRENT_USER (316)
CURSOR (317)
DATABASE (318)
DATABASES (319)
DATE (320)
DATETIME (321)
DAY_HOUR (322)
DAY_MICROSECOND (323)
DAY_MINUTE (324)
DAY_SECOND (325)
DECIMAL (326)
DECLARE (327)
DEFAULT (328)
DELAYED (329)
DELETE (330) 21 23 28
DESC (331)
DESCRIBE (332)
DETERMINISTIC (333)
DISTINCT (334)
DISTINCTROW (335)
DIV (336)
DOUBLE (337) 74
DROP (338) 45 47
DUAL (339)
EACH (340)
ELSE (341)
ELSEIF (342)
ENCLOSED (343)
ENUM (344)
ESCAPED (345)
EXIT (346)
EXPLAIN (347)
FETCH (348)
FLOAT (349) 75
FOR (350)
FORCE (351)
FOREIGN (352)
FROM (353) 7 21 23 28
FULLTEXT (354)
GRANT (355)
GROUP (356)
HAVING (357)
HIGH_PRIORITY (358)
HOUR_MICROSECOND (359)
HOUR_MINUTE (360)
HOUR_SECOND (361)
IF (362)
IGNORE (363)
INDEX (364) 56
INFILE (365)
INNER (366)
INOUT (367)
INSENSITIVE (368)
INSERT (369) 30
INT (370) 72
INTEGER (371) 73
INTERVAL (372)
INTO (373) 32
ITERATE (374)
JOIN (375)
KEY (376) 43 45 54 55 61
KEYS (377)
KILL (378)
LEADING (379)
LEAVE (380)
LEFT (381)
LIMIT (382)
LINES (383)
LOAD (384)
LOCALTIME (385)
LOCALTIMESTAMP (386)
LOCK (387)
LONG (388)
LONGBLOB (389)
LONGTEXT (390)
LOOP (391)
LOW_PRIORITY (392)
MATCH (393)
MEDIUMBLOB (394)
MEDIUMINT (395)
MEDIUMTEXT (396)
MINUTE_MICROSECOND (397)
MINUTE_SECOND (398)
MODIFIES (399)
NATURAL (400)
NO_WRITE_TO_BINLOG (401)
NULLX (402) 58 59 99 100
NUMBER (403)
ON (404) 43
ONDUPLICATE (405)
OPTIMIZE (406)
OPTION (407)
OPTIONALLY (408)
ORDER (409)
OUT (410)
OUTER (411)
OUTFILE (412)
PRECISION (413)
PRIMARY (414) 54 61
PROCEDURE (415)
PURGE (416)
QUICK (417)
READ (418)
READS (419)
REAL (420)
REFERENCES (421)
RELEASE (422)
RENAME (423)
REPEAT (424)
REPLACE (425)
REQUIRE (426)
RESTRICT (427)
RETURN (428)
REVOKE (429)
RIGHT (430)
ROLLUP (431)
SCHEMA (432)
SCHEMAS (433)
SECOND_MICROSECOND (434)
SELECT (435) 7
SENSITIVE (436)
SEPARATOR (437)
SET (438) 70
SHOW (439)
SMALLINT (440)
SOME (441)
SONAME (442)
SPATIAL (443)
SPECIFIC (444)
SQL (445)
SQLEXCEPTION (446)
SQLSTATE (447)
SQLWARNING (448)
SQL_BIG_RESULT (449)
SQL_CALC_FOUND_ROWS (450)
SQL_SMALL_RESULT (451)
SSL (452)
STARTING (453)
STRAIGHT_JOIN (454)
TABLE (455) 5 6 47 49
TEMPORARY (456)
TEXT (457) 78
TERMINATED (458)
THEN (459)
TINYINT (460)
TINYTEXT (461)
TO (462)
TRAILING (463)
TRIGGER (464)
UNDO (465)
UNION (466)
UNIQUE (467) 60
UNLOCK (468)
UNSIGNED (469) 68
UPDATE (470)
USAGE (471)
USE (472)
USING (473) 28
UTC_DATE (474)
UTC_TIME (475)
UTC_TIMESTAMP (476)
VALUES (477) 30
VARBINARY (478)
VARCHAR (479) 77
VARYING (480)
WHEN (481)
WHERE (482) 9
WHILE (483)
WITH (484)
WRITE (485)
QUIT (486) 4
FSUBSTRING (487)
FTRIM (488)
FDATE_ADD (489)
FDATE_SUB (490)
FCOUNT (491)
show (492) 5
desc (493) 6


Nonterminals, with rules where they appear

$accept (253)
    on left: 0
stmt_list (254)
    on left: 1 2, on right: 0 2
stmt (255)
    on left: 3 4 5 6 20 29 42 44 46 48, on right: 1 2
select_stmt (256)
    on left: 7, on right: 3 95
opt_where (257)
    on left: 8 9, on right: 7 21 23 28
column_list (258)
    on left: 10 11, on right: 11 35 55
select_expr_list (259)
    on left: 12 13 14, on right: 7 13
select_expr (260)
    on left: 15, on right: 12 13
table_references (261)
    on left: 16 17, on right: 7 17 23 28
table_reference (262)
    on left: 18, on right: 16 17
table_factor (263)
    on left: 19, on right: 18
delete_stmt (264)
    on left: 21 23 28, on right: 20
delete_opts (265)
    on left: 22, on right: 21 23 28
delete_list (266)
    on left: 24 25, on right: 23 25 28
opt_dot_star (267)
    on left: 26 27, on right: 24 25
insert_stmt (268)
    on left: 30, on right: 29
insert_opts (269)
    on left: 31, on right: 30
opt_into (270)
    on left: 32 33, on right: 30
opt_col_names (271)
    on left: 34 35, on right: 30
insert_vals_list (272)
    on left: 36 37, on right: 30 37
insert_vals (273)
    on left: 38 39 40 41, on right: 36 37 41
create_index_stmt (274)
    on left: 43, on right: 42
drop_index_stmt (275)
    on left: 45, on right: 44
drop_table_stmt (276)
    on left: 47, on right: 46
create_table_stmt (277)
    on left: 49, on right: 48
create_col_list (278)
    on left: 50 51, on right: 49 51
create_definition (279)
    on left: 53 54 55 56, on right: 50 51
$@1 (280)
    on left: 52, on right: 53
column_atts (281)
    on left: 57 58 59 60 61, on right: 53 58 59 60 61
opt_length (282)
    on left: 62 63 64, on right: 72 73 74 75 76
opt_binary (283)
    on left: 65 66, on right: 78
opt_uz (284)
    on left: 67 68, on right: 68 72 73 74 75
opt_csc (285)
    on left: 69 70 71, on right: 70 71 76 77 78
data_type (286)
    on left: 72 73 74 75 76 77 78, on right: 53
expr (287)
    on left: 79 80 81 82 83 84 85 86 87 88 89 90 91 92 93 94 95 96
    97 98 99 100 101 102, on right: 9 15 84 85 86 87 88 89 90 91 92
    93 94 95 96 97 98 99 100 101 102


State 0

    0 $accept: . stmt_list "end of file"

    CREATE  shift, and go to state 1
    DELETE  shift, and go to state 2
    DROP    shift, and go to state 3
    INSERT  shift, and go to state 4
    SELECT  shift, and go to state 5
    QUIT    shift, and go to state 6
    show    shift, and go to state 7
    desc    shift, and go to state 8

    stmt_list          go to state 9
    stmt               go to state 10
    select_stmt        go to state 11
    delete_stmt        go to state 12
    insert_stmt        go to state 13
    create_index_stmt  go to state 14
    drop_index_stmt    go to state 15
    drop_table_stmt    go to state 16
    create_table_stmt  go to state 17


State 1

   43 create_index_stmt: CREATE . KEY NAME ON NAME '(' NAME ')'
   49 create_table_stmt: CREATE . TABLE NAME '(' create_col_list ')'

    KEY    shift, and go to state 18
    TABLE  shift, and go to state 19


State 2

   21 delete_stmt: DELETE . delete_opts FROM NAME opt_where
   23            | DELETE . delete_opts delete_list FROM table_references opt_where
   28            | DELETE . delete_opts FROM delete_list USING table_references opt_where

    $default  reduce using rule 22 (delete_opts)

    delete_opts  go to state 20


State 3

   45 drop_index_stmt: DROP . KEY NAME
   47 drop_table_stmt: DROP . TABLE NAME

    KEY    shift, and go to state 21
    TABLE  shift, and go to state 22


State 4

   30 insert_stmt: INSERT . insert_opts opt_into NAME opt_col_names VALUES insert_vals_list

    $default  reduce using rule 31 (insert_opts)

    insert_opts  go to state 23


State 5

    7 select_stmt: SELECT . select_expr_list FROM table_references opt_where

    NOT        shift, and go to state 24
    '!'        shift, and go to state 25
    '-'        shift, and go to state 26
    '*'        shift, and go to state 27
    NAME       shift, and go to state 28
    STRING     shift, and go to state 29
    INTNUM     shift, and go to state 30
    BOOL       shift, and go to state 31
    APPROXNUM  shift, and go to state 32
    USERVAR    shift, and go to state 33

    select_expr_list  go to state 34
    select_expr       go to state 35
    expr              go to state 36


State 6

    4 stmt: QUIT .

    $default  reduce using rule 4 (stmt)


State 7

    5 stmt: show . TABLE

    TABLE  shift, and go to state 37


State 8

    6 stmt: desc . TABLE NAME

    TABLE  shift, and go to state 38


State 9

    0 $accept: stmt_list . "end of file"
    2 stmt_list: stmt_list . stmt ';'

    "end of file"  shift, and go to state 39
    CREATE         shift, and go to state 1
    DELETE         shift, and go to state 2
    DROP           shift, and go to state 3
    INSERT         shift, and go to state 4
    SELECT         shift, and go to state 5
    QUIT           shift, and go to state 6
    show           shift, and go to state 7
    desc           shift, and go to state 8

    stmt               go to state 40
    select_stmt        go to state 11
    delete_stmt        go to state 12
    insert_stmt        go to state 13
    create_index_stmt  go to state 14
    drop_index_stmt    go to state 15
    drop_table_stmt    go to state 16
    create_table_stmt  go to state 17


State 10

    1 stmt_list: stmt . ';'

    ';'  shift, and go to state 41


State 11

    3 stmt: select_stmt .

    $default  reduce using rule 3 (stmt)


State 12

   20 stmt: delete_stmt .

    $default  reduce using rule 20 (stmt)


State 13

   29 stmt: insert_stmt .

    $default  reduce using rule 29 (stmt)


State 14

   42 stmt: create_index_stmt .

    $default  reduce using rule 42 (stmt)


State 15

   44 stmt: drop_index_stmt .

    $default  reduce using rule 44 (stmt)


State 16

   46 stmt: drop_table_stmt .

    $default  reduce using rule 46 (stmt)


State 17

   48 stmt: create_table_stmt .

    $default  reduce using rule 48 (stmt)


State 18

   43 create_index_stmt: CREATE KEY . NAME ON NAME '(' NAME ')'

    NAME  shift, and go to state 42


State 19

   49 create_table_stmt: CREATE TABLE . NAME '(' create_col_list ')'

    NAME  shift, and go to state 43


State 20

   21 delete_stmt: DELETE delete_opts . FROM NAME opt_where
   23            | DELETE delete_opts . delete_list FROM table_references opt_where
   28            | DELETE delete_opts . FROM delete_list USING table_references opt_where

    NAME  shift, and go to state 44
    FROM  shift, and go to state 45

    delete_list  go to state 46


State 21

   45 drop_index_stmt: DROP KEY . NAME

    NAME  shift, and go to state 47


State 22

   47 drop_table_stmt: DROP TABLE . NAME

    NAME  shift, and go to state 48


State 23

   30 insert_stmt: INSERT insert_opts . opt_into NAME opt_col_names VALUES insert_vals_list

    INTO  shift, and go to state 49

    $default  reduce using rule 33 (opt_into)

    opt_into  go to state 50


State 24

   96 expr: NOT . expr

    NOT        shift, and go to state 24
    '!'        shift, and go to state 25
    '-'        shift, and go to state 26
    NAME       shift, and go to state 28
    STRING     shift, and go to state 29
    INTNUM     shift, and go to state 30
    BOOL       shift, and go to state 31
    APPROXNUM  shift, and go to state 32
    USERVAR    shift, and go to state 33

    expr  go to state 51


State 25

   97 expr: '!' . expr

    NOT        shift, and go to state 24
    '!'        shift, and go to state 25
    '-'        shift, and go to state 26
    NAME       shift, and go to state 28
    STRING     shift, and go to state 29
    INTNUM     shift, and go to state 30
    BOOL       shift, and go to state 31
    APPROXNUM  shift, and go to state 32
    USERVAR    shift, and go to state 33

    expr  go to state 52


State 26

   90 expr: '-' . expr

    NOT        shift, and go to state 24
    '!'        shift, and go to state 25
    '-'        shift, and go to state 26
    NAME       shift, and go to state 28
    STRING     shift, and go to state 29
    INTNUM     shift, and go to state 30
    BOOL       shift, and go to state 31
    APPROXNUM  shift, and go to state 32
    USERVAR    shift, and go to state 33

    expr  go to state 53


State 27

   14 select_expr_list: '*' .

    $default  reduce using rule 14 (select_expr_list)


State 28

   79 expr: NAME .

    $default  reduce using rule 79 (expr)


State 29

   80 expr: STRING .

    $default  reduce using rule 80 (expr)


State 30

   81 expr: INTNUM .

    $default  reduce using rule 81 (expr)


State 31

   83 expr: BOOL .

    $default  reduce using rule 83 (expr)


State 32

   82 expr: APPROXNUM .

    $default  reduce using rule 82 (expr)


State 33

   98 expr: USERVAR . ASSIGN expr

    ASSIGN  shift, and go to state 54


State 34

    7 select_stmt: SELECT select_expr_list . FROM table_references opt_where
   13 select_expr_list: select_expr_list . ',' select_expr

    FROM  shift, and go to state 55
    ','   shift, and go to state 56


State 35

   12 select_expr_list: select_expr .

    $default  reduce using rule 12 (select_expr_list)


State 36

   15 select_expr: expr .
   84 expr: expr . '+' expr
   85     | expr . '-' expr
   86     | expr . '*' expr
   87     | expr . '/' expr
   88     | expr . '%' expr
   89     | expr . MOD expr
   91     | expr . ANDOP expr
   92     | expr . OR expr
   93     | expr . XOR expr
   94     | expr . COMPARISON expr
   95     | expr . COMPARISON '(' select_stmt ')'
   99     | expr . IS NULLX
  100     | expr . IS NOT NULLX
  101     | expr . IS BOOL
  102     | expr . IS NOT BOOL

    OR          shift, and go to state 57
    XOR         shift, and go to state 58
    ANDOP       shift, and go to state 59
    IS          shift, and go to state 60
    COMPARISON  shift, and go to state 61
    '+'         shift, and go to state 62
    '-'         shift, and go to state 63
    '*'         shift, and go to state 64
    '/'         shift, and go to state 65
    '%'         shift, and go to state 66
    MOD         shift, and go to state 67

    $default  reduce using rule 15 (select_expr)


State 37

    5 stmt: show TABLE .

    $default  reduce using rule 5 (stmt)


State 38

    6 stmt: desc TABLE . NAME

    NAME  shift, and go to state 68


State 39

    0 $accept: stmt_list "end of file" .

    $default  accept


State 40

    2 stmt_list: stmt_list stmt . ';'

    ';'  shift, and go to state 69


State 41

    1 stmt_list: stmt ';' .

    $default  reduce using rule 1 (stmt_list)


State 42

   43 create_index_stmt: CREATE KEY NAME . ON NAME '(' NAME ')'

    ON  shift, and go to state 70


State 43

   49 create_table_stmt: CREATE TABLE NAME . '(' create_col_list ')'

    '('  shift, and go to state 71


State 44

   24 delete_list: NAME . opt_dot_star

    '.'  shift, and go to state 72

    $default  reduce using rule 26 (opt_dot_star)

    opt_dot_star  go to state 73


State 45

   21 delete_stmt: DELETE delete_opts FROM . NAME opt_where
   28            | DELETE delete_opts FROM . delete_list USING table_references opt_where

    NAME  shift, and go to state 74

    delete_list  go to state 75


State 46

   23 delete_stmt: DELETE delete_opts delete_list . FROM table_references opt_where
   25 delete_list: delete_list . ',' NAME opt_dot_star

    FROM  shift, and go to state 76
    ','   shift, and go to state 77


State 47

   45 drop_index_stmt: DROP KEY NAME .

    $default  reduce using rule 45 (drop_index_stmt)


State 48

   47 drop_table_stmt: DROP TABLE NAME .

    $default  reduce using rule 47 (drop_table_stmt)


State 49

   32 opt_into: INTO .

    $default  reduce using rule 32 (opt_into)


State 50

   30 insert_stmt: INSERT insert_opts opt_into . NAME opt_col_names VALUES insert_vals_list

    NAME  shift, and go to state 78


State 51

   84 expr: expr . '+' expr
   85     | expr . '-' expr
   86     | expr . '*' expr
   87     | expr . '/' expr
   88     | expr . '%' expr
   89     | expr . MOD expr
   91     | expr . ANDOP expr
   92     | expr . OR expr
   93     | expr . XOR expr
   94     | expr . COMPARISON expr
   95     | expr . COMPARISON '(' select_stmt ')'
   96     | NOT expr .
   99     | expr . IS NULLX
  100     | expr . IS NOT NULLX
  101     | expr . IS BOOL
  102     | expr . IS NOT BOOL

    COMPARISON  shift, and go to state 61
    '+'         shift, and go to state 62
    '-'         shift, and go to state 63
    '*'         shift, and go to state 64
    '/'         shift, and go to state 65
    '%'         shift, and go to state 66
    MOD         shift, and go to state 67

    $default  reduce using rule 96 (expr)


State 52

   84 expr: expr . '+' expr
   85     | expr . '-' expr
   86     | expr . '*' expr
   87     | expr . '/' expr
   88     | expr . '%' expr
   89     | expr . MOD expr
   91     | expr . ANDOP expr
   92     | expr . OR expr
   93     | expr . XOR expr
   94     | expr . COMPARISON expr
   95     | expr . COMPARISON '(' select_stmt ')'
   97     | '!' expr .
   99     | expr . IS NULLX
  100     | expr . IS NOT NULLX
  101     | expr . IS BOOL
  102     | expr . IS NOT BOOL

    COMPARISON  shift, and go to state 61
    '+'         shift, and go to state 62
    '-'         shift, and go to state 63
    '*'         shift, and go to state 64
    '/'         shift, and go to state 65
    '%'         shift, and go to state 66
    MOD         shift, and go to state 67

    $default  reduce using rule 97 (expr)


State 53

   84 expr: expr . '+' expr
   85     | expr . '-' expr
   86     | expr . '*' expr
   87     | expr . '/' expr
   88     | expr . '%' expr
   89     | expr . MOD expr
   90     | '-' expr .
   91     | expr . ANDOP expr
   92     | expr . OR expr
   93     | expr . XOR expr
   94     | expr . COMPARISON expr
   95     | expr . COMPARISON '(' select_stmt ')'
   99     | expr . IS NULLX
  100     | expr . IS NOT NULLX
  101     | expr . IS BOOL
  102     | expr . IS NOT BOOL

    $default  reduce using rule 90 (expr)


State 54

   98 expr: USERVAR ASSIGN . expr

    NOT        shift, and go to state 24
    '!'        shift, and go to state 25
    '-'        shift, and go to state 26
    NAME       shift, and go to state 28
    STRING     shift, and go to state 29
    INTNUM     shift, and go to state 30
    BOOL       shift, and go to state 31
    APPROXNUM  shift, and go to state 32
    USERVAR    shift, and go to state 33

    expr  go to state 79


State 55

    7 select_stmt: SELECT select_expr_list FROM . table_references opt_where

    NAME  shift, and go to state 80

    table_references  go to state 81
    table_reference   go to state 82
    table_factor      go to state 83


State 56

   13 select_expr_list: select_expr_list ',' . select_expr

    NOT        shift, and go to state 24
    '!'        shift, and go to state 25
    '-'        shift, and go to state 26
    NAME       shift, and go to state 28
    STRING     shift, and go to state 29
    INTNUM     shift, and go to state 30
    BOOL       shift, and go to state 31
    APPROXNUM  shift, and go to state 32
    USERVAR    shift, and go to state 33

    select_expr  go to state 84
    expr         go to state 36


State 57

   92 expr: expr OR . expr

    NOT        shift, and go to state 24
    '!'        shift, and go to state 25
    '-'        shift, and go to state 26
    NAME       shift, and go to state 28
    STRING     shift, and go to state 29
    INTNUM     shift, and go to state 30
    BOOL       shift, and go to state 31
    APPROXNUM  shift, and go to state 32
    USERVAR    shift, and go to state 33

    expr  go to state 85


State 58

   93 expr: expr XOR . expr

    NOT        shift, and go to state 24
    '!'        shift, and go to state 25
    '-'        shift, and go to state 26
    NAME       shift, and go to state 28
    STRING     shift, and go to state 29
    INTNUM     shift, and go to state 30
    BOOL       shift, and go to state 31
    APPROXNUM  shift, and go to state 32
    USERVAR    shift, and go to state 33

    expr  go to state 86


State 59

   91 expr: expr ANDOP . expr

    NOT        shift, and go to state 24
    '!'        shift, and go to state 25
    '-'        shift, and go to state 26
    NAME       shift, and go to state 28
    STRING     shift, and go to state 29
    INTNUM     shift, and go to state 30
    BOOL       shift, and go to state 31
    APPROXNUM  shift, and go to state 32
    USERVAR    shift, and go to state 33

    expr  go to state 87


State 60

   99 expr: expr IS . NULLX
  100     | expr IS . NOT NULLX
  101     | expr IS . BOOL
  102     | expr IS . NOT BOOL

    NOT    shift, and go to state 88
    BOOL   shift, and go to state 89
    NULLX  shift, and go to state 90


State 61

   94 expr: expr COMPARISON . expr
   95     | expr COMPARISON . '(' select_stmt ')'

    NOT        shift, and go to state 24
    '!'        shift, and go to state 25
    '-'        shift, and go to state 26
    NAME       shift, and go to state 28
    STRING     shift, and go to state 29
    INTNUM     shift, and go to state 30
    BOOL       shift, and go to state 31
    APPROXNUM  shift, and go to state 32
    USERVAR    shift, and go to state 33
    '('        shift, and go to state 91

    expr  go to state 92


State 62

   84 expr: expr '+' . expr

    NOT        shift, and go to state 24
    '!'        shift, and go to state 25
    '-'        shift, and go to state 26
    NAME       shift, and go to state 28
    STRING     shift, and go to state 29
    INTNUM     shift, and go to state 30
    BOOL       shift, and go to state 31
    APPROXNUM  shift, and go to state 32
    USERVAR    shift, and go to state 33

    expr  go to state 93


State 63

   85 expr: expr '-' . expr

    NOT        shift, and go to state 24
    '!'        shift, and go to state 25
    '-'        shift, and go to state 26
    NAME       shift, and go to state 28
    STRING     shift, and go to state 29
    INTNUM     shift, and go to state 30
    BOOL       shift, and go to state 31
    APPROXNUM  shift, and go to state 32
    USERVAR    shift, and go to state 33

    expr  go to state 94


State 64

   86 expr: expr '*' . expr

    NOT        shift, and go to state 24
    '!'        shift, and go to state 25
    '-'        shift, and go to state 26
    NAME       shift, and go to state 28
    STRING     shift, and go to state 29
    INTNUM     shift, and go to state 30
    BOOL       shift, and go to state 31
    APPROXNUM  shift, and go to state 32
    USERVAR    shift, and go to state 33

    expr  go to state 95


State 65

   87 expr: expr '/' . expr

    NOT        shift, and go to state 24
    '!'        shift, and go to state 25
    '-'        shift, and go to state 26
    NAME       shift, and go to state 28
    STRING     shift, and go to state 29
    INTNUM     shift, and go to state 30
    BOOL       shift, and go to state 31
    APPROXNUM  shift, and go to state 32
    USERVAR    shift, and go to state 33

    expr  go to state 96


State 66

   88 expr: expr '%' . expr

    NOT        shift, and go to state 24
    '!'        shift, and go to state 25
    '-'        shift, and go to state 26
    NAME       shift, and go to state 28
    STRING     shift, and go to state 29
    INTNUM     shift, and go to state 30
    BOOL       shift, and go to state 31
    APPROXNUM  shift, and go to state 32
    USERVAR    shift, and go to state 33

    expr  go to state 97


State 67

   89 expr: expr MOD . expr

    NOT        shift, and go to state 24
    '!'        shift, and go to state 25
    '-'        shift, and go to state 26
    NAME       shift, and go to state 28
    STRING     shift, and go to state 29
    INTNUM     shift, and go to state 30
    BOOL       shift, and go to state 31
    APPROXNUM  shift, and go to state 32
    USERVAR    shift, and go to state 33

    expr  go to state 98


State 68

    6 stmt: desc TABLE NAME .

    $default  reduce using rule 6 (stmt)


State 69

    2 stmt_list: stmt_list stmt ';' .

    $default  reduce using rule 2 (stmt_list)


State 70

   43 create_index_stmt: CREATE KEY NAME ON . NAME '(' NAME ')'

    NAME  shift, and go to state 99


State 71

   49 create_table_stmt: CREATE TABLE NAME '(' . create_col_list ')'

    INDEX    shift, and go to state 100
    KEY      shift, and go to state 101
    PRIMARY  shift, and go to state 102

    $default  reduce using rule 52 ($@1)

    create_col_list    go to state 103
    create_definition  go to state 104
    $@1                go to state 105


State 72

   27 opt_dot_star: '.' . '*'

    '*'  shift, and go to state 106


State 73

   24 delete_list: NAME opt_dot_star .

    $default  reduce using rule 24 (delete_list)


State 74

   21 delete_stmt: DELETE delete_opts FROM NAME . opt_where
   24 delete_list: NAME . opt_dot_star

    WHERE  shift, and go to state 107
    '.'    shift, and go to state 72

    ';'       reduce using rule 8 (opt_where)
    $default  reduce using rule 26 (opt_dot_star)

    opt_where     go to state 108
    opt_dot_star  go to state 73


State 75

   25 delete_list: delete_list . ',' NAME opt_dot_star
   28 delete_stmt: DELETE delete_opts FROM delete_list . USING table_references opt_where

    USING  shift, and go to state 109
    ','    shift, and go to state 77


State 76

   23 delete_stmt: DELETE delete_opts delete_list FROM . table_references opt_where

    NAME  shift, and go to state 80

    table_references  go to state 110
    table_reference   go to state 82
    table_factor      go to state 83


State 77

   25 delete_list: delete_list ',' . NAME opt_dot_star

    NAME  shift, and go to state 111


State 78

   30 insert_stmt: INSERT insert_opts opt_into NAME . opt_col_names VALUES insert_vals_list

    '('  shift, and go to state 112

    $default  reduce using rule 34 (opt_col_names)

    opt_col_names  go to state 113


State 79

   84 expr: expr . '+' expr
   85     | expr . '-' expr
   86     | expr . '*' expr
   87     | expr . '/' expr
   88     | expr . '%' expr
   89     | expr . MOD expr
   91     | expr . ANDOP expr
   92     | expr . OR expr
   93     | expr . XOR expr
   94     | expr . COMPARISON expr
   95     | expr . COMPARISON '(' select_stmt ')'
   98     | USERVAR ASSIGN expr .
   99     | expr . IS NULLX
  100     | expr . IS NOT NULLX
  101     | expr . IS BOOL
  102     | expr . IS NOT BOOL

    OR          shift, and go to state 57
    XOR         shift, and go to state 58
    ANDOP       shift, and go to state 59
    IS          shift, and go to state 60
    COMPARISON  shift, and go to state 61
    '+'         shift, and go to state 62
    '-'         shift, and go to state 63
    '*'         shift, and go to state 64
    '/'         shift, and go to state 65
    '%'         shift, and go to state 66
    MOD         shift, and go to state 67

    $default  reduce using rule 98 (expr)


State 80

   19 table_factor: NAME .

    $default  reduce using rule 19 (table_factor)


State 81

    7 select_stmt: SELECT select_expr_list FROM table_references . opt_where
   17 table_references: table_references . ',' table_reference

    WHERE  shift, and go to state 107
    ','    shift, and go to state 114

    $default  reduce using rule 8 (opt_where)

    opt_where  go to state 115


State 82

   16 table_references: table_reference .

    $default  reduce using rule 16 (table_references)


State 83

   18 table_reference: table_factor .

    $default  reduce using rule 18 (table_reference)


State 84

   13 select_expr_list: select_expr_list ',' select_expr .

    $default  reduce using rule 13 (select_expr_list)


State 85

   84 expr: expr . '+' expr
   85     | expr . '-' expr
   86     | expr . '*' expr
   87     | expr . '/' expr
   88     | expr . '%' expr
   89     | expr . MOD expr
   91     | expr . ANDOP expr
   92     | expr . OR expr
   92     | expr OR expr .
   93     | expr . XOR expr
   94     | expr . COMPARISON expr
   95     | expr . COMPARISON '(' select_stmt ')'
   99     | expr . IS NULLX
  100     | expr . IS NOT NULLX
  101     | expr . IS BOOL
  102     | expr . IS NOT BOOL

    XOR         shift, and go to state 58
    ANDOP       shift, and go to state 59
    IS          shift, and go to state 60
    COMPARISON  shift, and go to state 61
    '+'         shift, and go to state 62
    '-'         shift, and go to state 63
    '*'         shift, and go to state 64
    '/'         shift, and go to state 65
    '%'         shift, and go to state 66
    MOD         shift, and go to state 67

    $default  reduce using rule 92 (expr)


State 86

   84 expr: expr . '+' expr
   85     | expr . '-' expr
   86     | expr . '*' expr
   87     | expr . '/' expr
   88     | expr . '%' expr
   89     | expr . MOD expr
   91     | expr . ANDOP expr
   92     | expr . OR expr
   93     | expr . XOR expr
   93     | expr XOR expr .
   94     | expr . COMPARISON expr
   95     | expr . COMPARISON '(' select_stmt ')'
   99     | expr . IS NULLX
  100     | expr . IS NOT NULLX
  101     | expr . IS BOOL
  102     | expr . IS NOT BOOL

    ANDOP       shift, and go to state 59
    IS          shift, and go to state 60
    COMPARISON  shift, and go to state 61
    '+'         shift, and go to state 62
    '-'         shift, and go to state 63
    '*'         shift, and go to state 64
    '/'         shift, and go to state 65
    '%'         shift, and go to state 66
    MOD         shift, and go to state 67

    $default  reduce using rule 93 (expr)


State 87

   84 expr: expr . '+' expr
   85     | expr . '-' expr
   86     | expr . '*' expr
   87     | expr . '/' expr
   88     | expr . '%' expr
   89     | expr . MOD expr
   91     | expr . ANDOP expr
   91     | expr ANDOP expr .
   92     | expr . OR expr
   93     | expr . XOR expr
   94     | expr . COMPARISON expr
   95     | expr . COMPARISON '(' select_stmt ')'
   99     | expr . IS NULLX
  100     | expr . IS NOT NULLX
  101     | expr . IS BOOL
  102     | expr . IS NOT BOOL

    IS          shift, and go to state 60
    COMPARISON  shift, and go to state 61
    '+'         shift, and go to state 62
    '-'         shift, and go to state 63
    '*'         shift, and go to state 64
    '/'         shift, and go to state 65
    '%'         shift, and go to state 66
    MOD         shift, and go to state 67

    $default  reduce using rule 91 (expr)


State 88

  100 expr: expr IS NOT . NULLX
  102     | expr IS NOT . BOOL

    BOOL   shift, and go to state 116
    NULLX  shift, and go to state 117


State 89

  101 expr: expr IS BOOL .

    $default  reduce using rule 101 (expr)


State 90

   99 expr: expr IS NULLX .

    $default  reduce using rule 99 (expr)


State 91

   95 expr: expr COMPARISON '(' . select_stmt ')'

    SELECT  shift, and go to state 5

    select_stmt  go to state 118


State 92

   84 expr: expr . '+' expr
   85     | expr . '-' expr
   86     | expr . '*' expr
   87     | expr . '/' expr
   88     | expr . '%' expr
   89     | expr . MOD expr
   91     | expr . ANDOP expr
   92     | expr . OR expr
   93     | expr . XOR expr
   94     | expr . COMPARISON expr
   94     | expr COMPARISON expr .
   95     | expr . COMPARISON '(' select_stmt ')'
   99     | expr . IS NULLX
  100     | expr . IS NOT NULLX
  101     | expr . IS BOOL
  102     | expr . IS NOT BOOL

    '+'  shift, and go to state 62
    '-'  shift, and go to state 63
    '*'  shift, and go to state 64
    '/'  shift, and go to state 65
    '%'  shift, and go to state 66
    MOD  shift, and go to state 67

    $default  reduce using rule 94 (expr)


State 93

   84 expr: expr . '+' expr
   84     | expr '+' expr .
   85     | expr . '-' expr
   86     | expr . '*' expr
   87     | expr . '/' expr
   88     | expr . '%' expr
   89     | expr . MOD expr
   91     | expr . ANDOP expr
   92     | expr . OR expr
   93     | expr . XOR expr
   94     | expr . COMPARISON expr
   95     | expr . COMPARISON '(' select_stmt ')'
   99     | expr . IS NULLX
  100     | expr . IS NOT NULLX
  101     | expr . IS BOOL
  102     | expr . IS NOT BOOL

    '*'  shift, and go to state 64
    '/'  shift, and go to state 65
    '%'  shift, and go to state 66
    MOD  shift, and go to state 67

    $default  reduce using rule 84 (expr)


State 94

   84 expr: expr . '+' expr
   85     | expr . '-' expr
   85     | expr '-' expr .
   86     | expr . '*' expr
   87     | expr . '/' expr
   88     | expr . '%' expr
   89     | expr . MOD expr
   91     | expr . ANDOP expr
   92     | expr . OR expr
   93     | expr . XOR expr
   94     | expr . COMPARISON expr
   95     | expr . COMPARISON '(' select_stmt ')'
   99     | expr . IS NULLX
  100     | expr . IS NOT NULLX
  101     | expr . IS BOOL
  102     | expr . IS NOT BOOL

    '*'  shift, and go to state 64
    '/'  shift, and go to state 65
    '%'  shift, and go to state 66
    MOD  shift, and go to state 67

    $default  reduce using rule 85 (expr)


State 95

   84 expr: expr . '+' expr
   85     | expr . '-' expr
   86     | expr . '*' expr
   86     | expr '*' expr .
   87     | expr . '/' expr
   88     | expr . '%' expr
   89     | expr . MOD expr
   91     | expr . ANDOP expr
   92     | expr . OR expr
   93     | expr . XOR expr
   94     | expr . COMPARISON expr
   95     | expr . COMPARISON '(' select_stmt ')'
   99     | expr . IS NULLX
  100     | expr . IS NOT NULLX
  101     | expr . IS BOOL
  102     | expr . IS NOT BOOL

    $default  reduce using rule 86 (expr)


State 96

   84 expr: expr . '+' expr
   85     | expr . '-' expr
   86     | expr . '*' expr
   87     | expr . '/' expr
   87     | expr '/' expr .
   88     | expr . '%' expr
   89     | expr . MOD expr
   91     | expr . ANDOP expr
   92     | expr . OR expr
   93     | expr . XOR expr
   94     | expr . COMPARISON expr
   95     | expr . COMPARISON '(' select_stmt ')'
   99     | expr . IS NULLX
  100     | expr . IS NOT NULLX
  101     | expr . IS BOOL
  102     | expr . IS NOT BOOL

    $default  reduce using rule 87 (expr)


State 97

   84 expr: expr . '+' expr
   85     | expr . '-' expr
   86     | expr . '*' expr
   87     | expr . '/' expr
   88     | expr . '%' expr
   88     | expr '%' expr .
   89     | expr . MOD expr
   91     | expr . ANDOP expr
   92     | expr . OR expr
   93     | expr . XOR expr
   94     | expr . COMPARISON expr
   95     | expr . COMPARISON '(' select_stmt ')'
   99     | expr . IS NULLX
  100     | expr . IS NOT NULLX
  101     | expr . IS BOOL
  102     | expr . IS NOT BOOL

    $default  reduce using rule 88 (expr)


State 98

   84 expr: expr . '+' expr
   85     | expr . '-' expr
   86     | expr . '*' expr
   87     | expr . '/' expr
   88     | expr . '%' expr
   89     | expr . MOD expr
   89     | expr MOD expr .
   91     | expr . ANDOP expr
   92     | expr . OR expr
   93     | expr . XOR expr
   94     | expr . COMPARISON expr
   95     | expr . COMPARISON '(' select_stmt ')'
   99     | expr . IS NULLX
  100     | expr . IS NOT NULLX
  101     | expr . IS BOOL
  102     | expr . IS NOT BOOL

    $default  reduce using rule 89 (expr)


State 99

   43 create_index_stmt: CREATE KEY NAME ON NAME . '(' NAME ')'

    '('  shift, and go to state 119


State 100

   56 create_definition: INDEX . '(' NAME ')'

    '('  shift, and go to state 120


State 101

   55 create_definition: KEY . '(' column_list ')'

    '('  shift, and go to state 121


State 102

   54 create_definition: PRIMARY . KEY '(' NAME ')'

    KEY  shift, and go to state 122


State 103

   49 create_table_stmt: CREATE TABLE NAME '(' create_col_list . ')'
   51 create_col_list: create_col_list . ',' create_definition

    ','  shift, and go to state 123
    ')'  shift, and go to state 124


State 104

   50 create_col_list: create_definition .

    $default  reduce using rule 50 (create_col_list)


State 105

   53 create_definition: $@1 . NAME data_type column_atts

    NAME  shift, and go to state 125


State 106

   27 opt_dot_star: '.' '*' .

    $default  reduce using rule 27 (opt_dot_star)


State 107

    9 opt_where: WHERE . expr

    NOT        shift, and go to state 24
    '!'        shift, and go to state 25
    '-'        shift, and go to state 26
    NAME       shift, and go to state 28
    STRING     shift, and go to state 29
    INTNUM     shift, and go to state 30
    BOOL       shift, and go to state 31
    APPROXNUM  shift, and go to state 32
    USERVAR    shift, and go to state 33

    expr  go to state 126


State 108

   21 delete_stmt: DELETE delete_opts FROM NAME opt_where .

    $default  reduce using rule 21 (delete_stmt)


State 109

   28 delete_stmt: DELETE delete_opts FROM delete_list USING . table_references opt_where

    NAME  shift, and go to state 80

    table_references  go to state 127
    table_reference   go to state 82
    table_factor      go to state 83


State 110

   17 table_references: table_references . ',' table_reference
   23 delete_stmt: DELETE delete_opts delete_list FROM table_references . opt_where

    WHERE  shift, and go to state 107
    ','    shift, and go to state 114

    $default  reduce using rule 8 (opt_where)

    opt_where  go to state 128


State 111

   25 delete_list: delete_list ',' NAME . opt_dot_star

    '.'  shift, and go to state 72

    $default  reduce using rule 26 (opt_dot_star)

    opt_dot_star  go to state 129


State 112

   35 opt_col_names: '(' . column_list ')'

    NAME  shift, and go to state 130

    column_list  go to state 131


State 113

   30 insert_stmt: INSERT insert_opts opt_into NAME opt_col_names . VALUES insert_vals_list

    VALUES  shift, and go to state 132


State 114

   17 table_references: table_references ',' . table_reference

    NAME  shift, and go to state 80

    table_reference  go to state 133
    table_factor     go to state 83


State 115

    7 select_stmt: SELECT select_expr_list FROM table_references opt_where .

    $default  reduce using rule 7 (select_stmt)


State 116

  102 expr: expr IS NOT BOOL .

    $default  reduce using rule 102 (expr)


State 117

  100 expr: expr IS NOT NULLX .

    $default  reduce using rule 100 (expr)


State 118

   95 expr: expr COMPARISON '(' select_stmt . ')'

    ')'  shift, and go to state 134


State 119

   43 create_index_stmt: CREATE KEY NAME ON NAME '(' . NAME ')'

    NAME  shift, and go to state 135


State 120

   56 create_definition: INDEX '(' . NAME ')'

    NAME  shift, and go to state 136


State 121

   55 create_definition: KEY '(' . column_list ')'

    NAME  shift, and go to state 130

    column_list  go to state 137


State 122

   54 create_definition: PRIMARY KEY . '(' NAME ')'

    '('  shift, and go to state 138


State 123

   51 create_col_list: create_col_list ',' . create_definition

    INDEX    shift, and go to state 100
    KEY      shift, and go to state 101
    PRIMARY  shift, and go to state 102

    $default  reduce using rule 52 ($@1)

    create_definition  go to state 139
    $@1                go to state 105


State 124

   49 create_table_stmt: CREATE TABLE NAME '(' create_col_list ')' .

    $default  reduce using rule 49 (create_table_stmt)


State 125

   53 create_definition: $@1 NAME . data_type column_atts

    CHAR     shift, and go to state 140
    DOUBLE   shift, and go to state 141
    FLOAT    shift, and go to state 142
    INT      shift, and go to state 143
    INTEGER  shift, and go to state 144
    TEXT     shift, and go to state 145
    VARCHAR  shift, and go to state 146

    data_type  go to state 147


State 126

    9 opt_where: WHERE expr .
   84 expr: expr . '+' expr
   85     | expr . '-' expr
   86     | expr . '*' expr
   87     | expr . '/' expr
   88     | expr . '%' expr
   89     | expr . MOD expr
   91     | expr . ANDOP expr
   92     | expr . OR expr
   93     | expr . XOR expr
   94     | expr . COMPARISON expr
   95     | expr . COMPARISON '(' select_stmt ')'
   99     | expr . IS NULLX
  100     | expr . IS NOT NULLX
  101     | expr . IS BOOL
  102     | expr . IS NOT BOOL

    OR          shift, and go to state 57
    XOR         shift, and go to state 58
    ANDOP       shift, and go to state 59
    IS          shift, and go to state 60
    COMPARISON  shift, and go to state 61
    '+'         shift, and go to state 62
    '-'         shift, and go to state 63
    '*'         shift, and go to state 64
    '/'         shift, and go to state 65
    '%'         shift, and go to state 66
    MOD         shift, and go to state 67

    $default  reduce using rule 9 (opt_where)


State 127

   17 table_references: table_references . ',' table_reference
   28 delete_stmt: DELETE delete_opts FROM delete_list USING table_references . opt_where

    WHERE  shift, and go to state 107
    ','    shift, and go to state 114

    $default  reduce using rule 8 (opt_where)

    opt_where  go to state 148


State 128

   23 delete_stmt: DELETE delete_opts delete_list FROM table_references opt_where .

    $default  reduce using rule 23 (delete_stmt)


State 129

   25 delete_list: delete_list ',' NAME opt_dot_star .

    $default  reduce using rule 25 (delete_list)


State 130

   10 column_list: NAME .

    $default  reduce using rule 10 (column_list)


State 131

   11 column_list: column_list . ',' NAME
   35 opt_col_names: '(' column_list . ')'

    ','  shift, and go to state 149
    ')'  shift, and go to state 150


State 132

   30 insert_stmt: INSERT insert_opts opt_into NAME opt_col_names VALUES . insert_vals_list

    '('  shift, and go to state 151

    insert_vals_list  go to state 152


State 133

   17 table_references: table_references ',' table_reference .

    $default  reduce using rule 17 (table_references)


State 134

   95 expr: expr COMPARISON '(' select_stmt ')' .

    $default  reduce using rule 95 (expr)


State 135

   43 create_index_stmt: CREATE KEY NAME ON NAME '(' NAME . ')'

    ')'  shift, and go to state 153


State 136

   56 create_definition: INDEX '(' NAME . ')'

    ')'  shift, and go to state 154


State 137

   11 column_list: column_list . ',' NAME
   55 create_definition: KEY '(' column_list . ')'

    ','  shift, and go to state 149
    ')'  shift, and go to state 155


State 138

   54 create_definition: PRIMARY KEY '(' . NAME ')'

    NAME  shift, and go to state 156


State 139

   51 create_col_list: create_col_list ',' create_definition .

    $default  reduce using rule 51 (create_col_list)


State 140

   76 data_type: CHAR . opt_length opt_csc

    '('  shift, and go to state 157

    $default  reduce using rule 62 (opt_length)

    opt_length  go to state 158


State 141

   74 data_type: DOUBLE . opt_length opt_uz

    '('  shift, and go to state 157

    $default  reduce using rule 62 (opt_length)

    opt_length  go to state 159


State 142

   75 data_type: FLOAT . opt_length opt_uz

    '('  shift, and go to state 157

    $default  reduce using rule 62 (opt_length)

    opt_length  go to state 160


State 143

   72 data_type: INT . opt_length opt_uz

    '('  shift, and go to state 157

    $default  reduce using rule 62 (opt_length)

    opt_length  go to state 161


State 144

   73 data_type: INTEGER . opt_length opt_uz

    '('  shift, and go to state 157

    $default  reduce using rule 62 (opt_length)

    opt_length  go to state 162


State 145

   78 data_type: TEXT . opt_binary opt_csc

    BINARY  shift, and go to state 163

    $default  reduce using rule 65 (opt_binary)

    opt_binary  go to state 164


State 146

   77 data_type: VARCHAR . '(' INTNUM ')' opt_csc

    '('  shift, and go to state 165


State 147

   53 create_definition: $@1 NAME data_type . column_atts

    $default  reduce using rule 57 (column_atts)

    column_atts  go to state 166


State 148

   28 delete_stmt: DELETE delete_opts FROM delete_list USING table_references opt_where .

    $default  reduce using rule 28 (delete_stmt)


State 149

   11 column_list: column_list ',' . NAME

    NAME  shift, and go to state 167


State 150

   35 opt_col_names: '(' column_list ')' .

    $default  reduce using rule 35 (opt_col_names)


State 151

   36 insert_vals_list: '(' . insert_vals ')'

    STRING     shift, and go to state 168
    INTNUM     shift, and go to state 169
    APPROXNUM  shift, and go to state 170

    insert_vals  go to state 171


State 152

   30 insert_stmt: INSERT insert_opts opt_into NAME opt_col_names VALUES insert_vals_list .
   37 insert_vals_list: insert_vals_list . ',' '(' insert_vals ')'

    ','  shift, and go to state 172

    $default  reduce using rule 30 (insert_stmt)


State 153

   43 create_index_stmt: CREATE KEY NAME ON NAME '(' NAME ')' .

    $default  reduce using rule 43 (create_index_stmt)


State 154

   56 create_definition: INDEX '(' NAME ')' .

    $default  reduce using rule 56 (create_definition)


State 155

   55 create_definition: KEY '(' column_list ')' .

    $default  reduce using rule 55 (create_definition)


State 156

   54 create_definition: PRIMARY KEY '(' NAME . ')'

    ')'  shift, and go to state 173


State 157

   63 opt_length: '(' . INTNUM ')'
   64           | '(' . INTNUM ',' INTNUM ')'

    INTNUM  shift, and go to state 174


State 158

   76 data_type: CHAR opt_length . opt_csc

    $default  reduce using rule 69 (opt_csc)

    opt_csc  go to state 175


State 159

   74 data_type: DOUBLE opt_length . opt_uz

    $default  reduce using rule 67 (opt_uz)

    opt_uz  go to state 176


State 160

   75 data_type: FLOAT opt_length . opt_uz

    $default  reduce using rule 67 (opt_uz)

    opt_uz  go to state 177


State 161

   72 data_type: INT opt_length . opt_uz

    $default  reduce using rule 67 (opt_uz)

    opt_uz  go to state 178


State 162

   73 data_type: INTEGER opt_length . opt_uz

    $default  reduce using rule 67 (opt_uz)

    opt_uz  go to state 179


State 163

   66 opt_binary: BINARY .

    $default  reduce using rule 66 (opt_binary)


State 164

   78 data_type: TEXT opt_binary . opt_csc

    $default  reduce using rule 69 (opt_csc)

    opt_csc  go to state 180


State 165

   77 data_type: VARCHAR '(' . INTNUM ')' opt_csc

    INTNUM  shift, and go to state 181


State 166

   53 create_definition: $@1 NAME data_type column_atts .
   58 column_atts: column_atts . NOT NULLX
   59            | column_atts . NULLX
   60            | column_atts . UNIQUE
   61            | column_atts . PRIMARY KEY

    NOT      shift, and go to state 182
    NULLX    shift, and go to state 183
    PRIMARY  shift, and go to state 184
    UNIQUE   shift, and go to state 185

    $default  reduce using rule 53 (create_definition)


State 167

   11 column_list: column_list ',' NAME .

    $default  reduce using rule 11 (column_list)


State 168

   40 insert_vals: STRING .

    $default  reduce using rule 40 (insert_vals)


State 169

   38 insert_vals: INTNUM .

    $default  reduce using rule 38 (insert_vals)


State 170

   39 insert_vals: APPROXNUM .

    $default  reduce using rule 39 (insert_vals)


State 171

   36 insert_vals_list: '(' insert_vals . ')'
   41 insert_vals: insert_vals . ',' insert_vals

    ','  shift, and go to state 186
    ')'  shift, and go to state 187


State 172

   37 insert_vals_list: insert_vals_list ',' . '(' insert_vals ')'

    '('  shift, and go to state 188


State 173

   54 create_definition: PRIMARY KEY '(' NAME ')' .

    $default  reduce using rule 54 (create_definition)


State 174

   63 opt_length: '(' INTNUM . ')'
   64           | '(' INTNUM . ',' INTNUM ')'

    ','  shift, and go to state 189
    ')'  shift, and go to state 190


State 175

   70 opt_csc: opt_csc . CHAR SET STRING
   71        | opt_csc . COLLATE STRING
   76 data_type: CHAR opt_length opt_csc .

    CHAR     shift, and go to state 191
    COLLATE  shift, and go to state 192

    $default  reduce using rule 76 (data_type)


State 176

   68 opt_uz: opt_uz . UNSIGNED
   74 data_type: DOUBLE opt_length opt_uz .

    UNSIGNED  shift, and go to state 193

    $default  reduce using rule 74 (data_type)


State 177

   68 opt_uz: opt_uz . UNSIGNED
   75 data_type: FLOAT opt_length opt_uz .

    UNSIGNED  shift, and go to state 193

    $default  reduce using rule 75 (data_type)


State 178

   68 opt_uz: opt_uz . UNSIGNED
   72 data_type: INT opt_length opt_uz .

    UNSIGNED  shift, and go to state 193

    $default  reduce using rule 72 (data_type)


State 179

   68 opt_uz: opt_uz . UNSIGNED
   73 data_type: INTEGER opt_length opt_uz .

    UNSIGNED  shift, and go to state 193

    $default  reduce using rule 73 (data_type)


State 180

   70 opt_csc: opt_csc . CHAR SET STRING
   71        | opt_csc . COLLATE STRING
   78 data_type: TEXT opt_binary opt_csc .

    CHAR     shift, and go to state 191
    COLLATE  shift, and go to state 192

    $default  reduce using rule 78 (data_type)


State 181

   77 data_type: VARCHAR '(' INTNUM . ')' opt_csc

    ')'  shift, and go to state 194


State 182

   58 column_atts: column_atts NOT . NULLX

    NULLX  shift, and go to state 195


State 183

   59 column_atts: column_atts NULLX .

    $default  reduce using rule 59 (column_atts)


State 184

   61 column_atts: column_atts PRIMARY . KEY

    KEY  shift, and go to state 196


State 185

   60 column_atts: column_atts UNIQUE .

    $default  reduce using rule 60 (column_atts)


State 186

   41 insert_vals: insert_vals ',' . insert_vals

    STRING     shift, and go to state 168
    INTNUM     shift, and go to state 169
    APPROXNUM  shift, and go to state 170

    insert_vals  go to state 197


State 187

   36 insert_vals_list: '(' insert_vals ')' .

    $default  reduce using rule 36 (insert_vals_list)


State 188

   37 insert_vals_list: insert_vals_list ',' '(' . insert_vals ')'

    STRING     shift, and go to state 168
    INTNUM     shift, and go to state 169
    APPROXNUM  shift, and go to state 170

    insert_vals  go to state 198


State 189

   64 opt_length: '(' INTNUM ',' . INTNUM ')'

    INTNUM  shift, and go to state 199


State 190

   63 opt_length: '(' INTNUM ')' .

    $default  reduce using rule 63 (opt_length)


State 191

   70 opt_csc: opt_csc CHAR . SET STRING

    SET  shift, and go to state 200


State 192

   71 opt_csc: opt_csc COLLATE . STRING

    STRING  shift, and go to state 201


State 193

   68 opt_uz: opt_uz UNSIGNED .

    $default  reduce using rule 68 (opt_uz)


State 194

   77 data_type: VARCHAR '(' INTNUM ')' . opt_csc

    $default  reduce using rule 69 (opt_csc)

    opt_csc  go to state 202


State 195

   58 column_atts: column_atts NOT NULLX .

    $default  reduce using rule 58 (column_atts)


State 196

   61 column_atts: column_atts PRIMARY KEY .

    $default  reduce using rule 61 (column_atts)


State 197

   41 insert_vals: insert_vals . ',' insert_vals
   41            | insert_vals ',' insert_vals .

    ','  shift, and go to state 186

    ','       [reduce using rule 41 (insert_vals)]
    $default  reduce using rule 41 (insert_vals)


State 198

   37 insert_vals_list: insert_vals_list ',' '(' insert_vals . ')'
   41 insert_vals: insert_vals . ',' insert_vals

    ','  shift, and go to state 186
    ')'  shift, and go to state 203


State 199

   64 opt_length: '(' INTNUM ',' INTNUM . ')'

    ')'  shift, and go to state 204


State 200

   70 opt_csc: opt_csc CHAR SET . STRING

    STRING  shift, and go to state 205


State 201

   71 opt_csc: opt_csc COLLATE STRING .

    $default  reduce using rule 71 (opt_csc)


State 202

   70 opt_csc: opt_csc . CHAR SET STRING
   71        | opt_csc . COLLATE STRING
   77 data_type: VARCHAR '(' INTNUM ')' opt_csc .

    CHAR     shift, and go to state 191
    COLLATE  shift, and go to state 192

    $default  reduce using rule 77 (data_type)


State 203

   37 insert_vals_list: insert_vals_list ',' '(' insert_vals ')' .

    $default  reduce using rule 37 (insert_vals_list)


State 204

   64 opt_length: '(' INTNUM ',' INTNUM ')' .

    $default  reduce using rule 64 (opt_length)


State 205

   70 opt_csc: opt_csc CHAR SET STRING .

    $default  reduce using rule 70 (opt_csc)
